<?xml version="1.0" encoding="UTF-8"?>
<!-- Generated by org.testng.reporters.JUnitReportReporter -->
<testsuite skipped="0" hostname="HP" name="CRMProPageTests.CRMLoginPageTest" tests="3" failures="0" timestamp="01 Nov 2019 17:18:58 GMT" time="23.057" errors="0">
  <testcase name="verifyLoginPageTitle" time="5.669" classname="CRMProPageTests.CRMLoginPageTest"/>
  <testcase name="crmLogoImageTest" time="6.029" classname="CRMProPageTests.CRMLoginPageTest"/>
  <testcase name="login" time="11.359" classname="CRMProPageTests.CRMLoginPageTest"/>
</testsuite> <!-- CRMProPageTests.CRMLoginPageTest -->
