<?xml version="1.0" encoding="UTF-8"?>
<!-- Generated by org.testng.reporters.JUnitReportReporter -->
<testsuite skipped="0" hostname="HP" name="CRMProPageTests.CRMLoginPageTest" tests="3" failures="0" timestamp="01 Nov 2019 18:53:14 GMT" time="28.924" errors="0">
  <testcase name="verifyLoginPageTitle" time="7.135" classname="CRMProPageTests.CRMLoginPageTest"/>
  <testcase name="crmLogoImageTest" time="6.062" classname="CRMProPageTests.CRMLoginPageTest"/>
  <testcase name="login" time="15.727" classname="CRMProPageTests.CRMLoginPageTest"/>
</testsuite> <!-- CRMProPageTests.CRMLoginPageTest -->
